<?xml version="1.0" encoding="UTF-8"?>
<!-- Generated by org.testng.reporters.JUnitXMLReporter -->
<testsuite ignored="0" hostname="DESKTOP-N2PRSIL" failures="0" tests="4" name="Test" time="0.116" errors="0" timestamp="2025-03-04T17:01:44 IST">
  <testcase classname="testBase.BaseClass" name="@BeforeClass setup" time="-1.741087904371E9">
    <failure type="org.testng.TestNGException" message="
Parameter &amp;apos;os&amp;apos; is required by BeforeClass on method setup but has not been marked @Optional or defined
in C:\Users\Stuti\git\repository\MyPayrollProject\testng.xml">
      <![CDATA[org.testng.TestNGException: 
Parameter 'os' is required by BeforeClass on method setup but has not been marked @Optional or defined
in C:\Users\Stuti\git\repository\MyPayrollProject\testng.xml
at java.base/java.util.ArrayList.forEach(ArrayList.java:1597)
... Removed 22 stack frames]]>
    </failure>
  </testcase> <!-- @BeforeClass setup -->
  <testcase classname="testBase.BaseClass" name="LoginPage" time="0.0">
    <skipped/>
  </testcase> <!-- LoginPage -->
  <testcase classname="testBase.BaseClass" name="verifyLogin" time="0.0">
    <skipped/>
  </testcase> <!-- verifyLogin -->
  <testcase classname="testCases.TC_009ApplyLeaveTestCases" name="NavigateTotheApplyLeavePage" time="0.0">
    <skipped/>
  </testcase> <!-- NavigateTotheApplyLeavePage -->
  <testcase classname="testCases.TC_009ApplyLeaveTestCases" name="ApplyLeave" time="0.0">
    <skipped/>
  </testcase> <!-- ApplyLeave -->
</testsuite> <!-- Test -->
